<?xml version="1.0" encoding="UTF-8"?>
<!-- Generated by org.testng.reporters.JUnitReportReporter -->
<testsuite skipped="0" hostname="bharat" name="testcases.mytheresa.RunTestCrome" tests="1" failures="0" timestamp="08 Feb 2020 15:06:34 GMT" time="17.274" errors="0">
  <testcase name="accountCreate" time="17.274" classname="testcases.mytheresa.RunTestCrome"/>
</testsuite> <!-- testcases.mytheresa.RunTestCrome -->
